
> html@1.0.0 test /home/user/next_ecommerce
> vitest run "resources/js/tests/components/Store/Review"


 RUN  v2.1.8 /home/user/next_ecommerce

 ✓ resources/js/tests/components/Store/Review/ReviewComponent.test.tsx > ReviewComponent > validates form inputs 550ms
 × resources/js/tests/components/Store/Review/ReviewComponent.test.tsx > ReviewComponent > handles review submission 1197ms
   → expected "spy" to be called with arguments: [ 1, { rating: 5, …(2) } ]

Received: 



Number of calls: 0


Ignored nodes: comments, script, style
[36m<html>[39m
  [36m<head />[39m
  [36m<body[39m
    [33mdata-scroll-locked[39m=[32m"1"[39m
    [33mstyle[39m=[32m"pointer-events: none;"[39m
  [36m>[39m
    [36m<span[39m
      [33maria-hidden[39m=[32m"true"[39m
      [33mdata-aria-hidden[39m=[32m"true"[39m
      [33mdata-radix-focus-guard[39m=[32m""[39m
      [33mstyle[39m=[32m"outline: none; opacity: 0; position: fixed; pointer-events: none;"[39m
      [33mtabindex[39m=[32m"0"[39m
    [36m/>[39m
    [36m<div[39m
      [33maria-hidden[39m=[32m"true"[39m
      [33mdata-aria-hidden[39m=[32m"true"[39m
    [36m>[39m
      [36m<div[39m
        [33mclass[39m=[32m"space-y-6"[39m
      [36m>[39m
        [36m<div[39m
          [33mclass[39m=[32m"flex items-center justify-between"[39m
        [36m>[39m
          [36m<div>[39m
            [36m<h2[39m
              [33mclass[39m=[32m"text-2xl font-bold"[39m
            [36m>[39m
              [0mProduct Reviews[0m
            [36m</h2>[39m
            [36m<div[39m
              [33mclass[39m=[32m"flex items-center gap-2 mt-2"[39m
            [36m>[39m
              [36m<span[39m
                [33mclass[39m=[32m"text-lg font-medium"[39m
              [36m>[39m
                [0m4.5[0m
              [36m</span>[39m
              [36m<div[39m
                [33mclass[39m=[32m"flex gap-1"[39m
              [36m>[39m
                [36m<svg[39m
                  [33mclass[39m=[32m"lucide lucide-star w-5 h-5 fill-yellow-400 text-yellow-400 cursor-default"[39m
                  [33mdata-testid[39m=[32m"star-rating-star"[39m
                  [33mfill[39m=[32m"none"[39m
                  [33mheight[39m=[32m"24"[39m
                  [33mstroke[39m=[32m"currentColor"[39m
                  [33mstroke-linecap[39m=[32m"round"[39m
                  [33mstroke-linejoin[39m=[32m"round"[39m
                  [33mstroke-width[39m=[32m"2"[39m
                  [33mviewBox[39m=[32m"0 0 24 24"[39m
                  [33mwidth[39m=[32m"24"[39m
                  [33mxmlns[39m=[32m"http://www.w3.org/2000/svg"[39m
                [36m>[39m
                  [36m<polygon[39m
                    [33mpoints[39m=[32m"12 2 15.09 8.26 22 9.27 17 14.14 18.18 21.02 12 17.77 5.82 21.02 7 14.14 2 9.27 8.91 8.26 12 2"[39m
                  [36m/>[39m
                [36m</svg>[39m
                [36m<svg[39m
                  [33mclass[39m=[32m"lucide lucide-star w-5 h-5 fill-yellow-400 text-yellow-400 cursor-default"[39m
                  [33mdata-testid[39m=[32m"star-rating-star"[39m
                  [33mfill[39m=[32m"none"[39m
                  [33mheight[39m=[32m"24"[39m
                  [33mstroke[39m=[32m"currentColor"[39m
                  [33mstroke-linecap[39m=[32m"round"[39m
                  [33mstroke-linejoin[39m=[32m"round"[39m
                  [33mstroke-width[39m=[32m"2"[39m
                  [33mviewBox[39m=[32m"0 0 24 24"[39m
                  [33mwidth[39m=[32m"24"[39m
                  [33mxmlns[39m=[32m"http://www.w3.org/2000/svg"[39m
                [36m>[39m
                  [36m<polygon[39m
                    [33mpoints[39m=[32m"12 2 15.09 8.26 22 9.27 17 14.14 18.18 21.02 12 17.77 5.82 21.02 7 14.14 2 9.27 8.91 8.26 12 2"[39m
                  [36m/>[39m
                [36m</svg>[39m
                [36m<svg[39m
                  [33mclass[39m=[32m"lucide lucide-star w-5 h-5 fill-yellow-400 text-yellow-400 cursor-default"[39m
                  [33mdata-testid[39m=[32m"star-rating-star"[39m
                  [33mfill[39m=[32m"none"[39m
                  [33mheight[39m=[32m"24"[39m
                  [33mstroke[39m=[32m"currentColor"[39m
                  [33mstroke-linecap[39m=[32m"round"[39m
                  [33mstroke-linejoin[39m=[32m"round"[39m
                  [33mstroke-width[39m=[32m"2"[39m
                  [33mviewBox[39m=[32m"0 0 24 24"[39m
                  [33mwidth[39m=[32m"24"[39m
                  [33mxmlns[39m=[32m"http://www.w3.org/2000/svg"[39m
                [36m>[39m
                  [36m<polygon[39m
                    [33mpoints[39m=[32m"12 2 15.09 8.26 22 9.27 17 14.14 18.18 21.02 12 17.77 5.82 21.02 7 14.14 2 9.27 8.91 8.26 12 2"[39m
                  [36m/>[39m
                [36m</svg>[39m
                [36m<svg[39m
                  [33mclass[39m=[32m"lucide lucide-star w-5 h-5 fill-yellow-400 text-yellow-400 cursor-default"[39m
                  [33mdata-testid[39m=[32m"star-rating-star"[39m
                  [33mfill[39m=[32m"none"[39m
                  [33mheight[39m=[32m"24"[39m
                  [33mstroke[39m=[32m"currentColor"[39m
                  [33mstroke-linecap[39m=[32m"round"[39m
                  [33mstroke-linejoin[39m=[32m"round"[39m
                  [33mstroke-width[39m=[32m"2"[39m
                  [33mviewBox[39m=[32m"0 0 24 24"[39m
                  [33mwidth[39m=[32m"24"[39m
                  [33mxmlns[39m=[32m"http://www.w3.org/2000/svg"[39m
                [36m>[39m
                  [36m<polygon[39m
                    [33mpoints[39m=[32m"12 2 15.09 8.26 22 9.27 17 14.14 18.18 21.02 12 17.77 5.82 21.02 7 14.14 2 9.27 8.91 8.26 12 2"[39m
                  [36m/>[39m
                [36m</svg>[39m
                [36m<svg[39m
                  [33mclass[39m=[32m"lucide lucide-star w-5 h-5 fill-yellow-400 text-yellow-400 cursor-default"[39m
                  [33mdata-testid[39m=[32m"star-rating-star"[39m
                  [33mfill[39m=[32m"none"[39m
                  [33mheight[39m=[32m"24"[39m
                  [33mstroke[39m=[32m"currentColor"[39m
                  [33mstroke-linecap[39m=[32m"round"[39m
                  [33mstroke-linejoin[39m=[32m"round"[39m
                  [33mstroke-width[39m=[32m"2"[39m
                  [33mviewBox[39m=[32m"0 0 24 24"[39m
                  [33mwidth[39m=[32m"24"[39m
                  [33mxmlns[39m=[32m"http://www.w3.org/2000/svg"[39m
                [36m>[39m
                  [36m<polygon[39m
                    [33mpoints[39m=[32m"12 2 15.09 8.26 22 9.27 17 14.14 18.18 21.02 12 17.77 5.82 21.02 7 14.14 2 9.27 8.91 8.26 12 2"[39m
                  [36m/>[39m
                [36m</svg>[39m
              [36m</div>[39m
              [36m<span[39m
                [33mclass[39m=[32m"text-sm text-gray-500"[39m
              [36m>[39m
                [0m([0m
                [0m2[0m
                [0m [0m
                [0mreviews[0m
                [0m)[0m
              [36m</span>[39m
            [36m</div>[39m
          [36m</div>[39m
          [36m<button[39m
            [33mclass[39m=[32m"inline-flex items-center justify-center gap-2 whitespace-nowrap rou...
 × resources/js/tests/components/Store/Review/ReviewComponent.test.tsx > ReviewComponent > handles API errors gracefully 1129ms
   → expected "spy" to be called with arguments: [ 'Failed to submit review' ]

Received: 

  1st spy call:

  Array [
-   "Failed to submit review",
+   "Please select a rating",
  ]


Number of calls: 1


Ignored nodes: comments, script, style
[36m<html>[39m
  [36m<head />[39m
  [36m<body[39m
    [33mdata-scroll-locked[39m=[32m"1"[39m
    [33mstyle[39m=[32m"pointer-events: none;"[39m
  [36m>[39m
    [36m<span[39m
      [33maria-hidden[39m=[32m"true"[39m
      [33mdata-aria-hidden[39m=[32m"true"[39m
      [33mdata-radix-focus-guard[39m=[32m""[39m
      [33mstyle[39m=[32m"outline: none; opacity: 0; position: fixed; pointer-events: none;"[39m
      [33mtabindex[39m=[32m"0"[39m
    [36m/>[39m
    [36m<div[39m
      [33maria-hidden[39m=[32m"true"[39m
      [33mdata-aria-hidden[39m=[32m"true"[39m
    [36m>[39m
      [36m<div[39m
        [33mclass[39m=[32m"space-y-6"[39m
      [36m>[39m
        [36m<div[39m
          [33mclass[39m=[32m"flex items-center justify-between"[39m
        [36m>[39m
          [36m<div>[39m
            [36m<h2[39m
              [33mclass[39m=[32m"text-2xl font-bold"[39m
            [36m>[39m
              [0mProduct Reviews[0m
            [36m</h2>[39m
            [36m<div[39m
              [33mclass[39m=[32m"flex items-center gap-2 mt-2"[39m
            [36m>[39m
              [36m<span[39m
                [33mclass[39m=[32m"text-lg font-medium"[39m
              [36m>[39m
                [0m4.5[0m
              [36m</span>[39m
              [36m<div[39m
                [33mclass[39m=[32m"flex gap-1"[39m
              [36m>[39m
                [36m<svg[39m
                  [33mclass[39m=[32m"lucide lucide-star w-5 h-5 fill-yellow-400 text-yellow-400 cursor-default"[39m
                  [33mdata-testid[39m=[32m"star-rating-star"[39m
                  [33mfill[39m=[32m"none"[39m
                  [33mheight[39m=[32m"24"[39m
                  [33mstroke[39m=[32m"currentColor"[39m
                  [33mstroke-linecap[39m=[32m"round"[39m
                  [33mstroke-linejoin[39m=[32m"round"[39m
                  [33mstroke-width[39m=[32m"2"[39m
                  [33mviewBox[39m=[32m"0 0 24 24"[39m
                  [33mwidth[39m=[32m"24"[39m
                  [33mxmlns[39m=[32m"http://www.w3.org/2000/svg"[39m
                [36m>[39m
                  [36m<polygon[39m
                    [33mpoints[39m=[32m"12 2 15.09 8.26 22 9.27 17 14.14 18.18 21.02 12 17.77 5.82 21.02 7 14.14 2 9.27 8.91 8.26 12 2"[39m
                  [36m/>[39m
                [36m</svg>[39m
                [36m<svg[39m
                  [33mclass[39m=[32m"lucide lucide-star w-5 h-5 fill-yellow-400 text-yellow-400 cursor-default"[39m
                  [33mdata-testid[39m=[32m"star-rating-star"[39m
                  [33mfill[39m=[32m"none"[39m
                  [33mheight[39m=[32m"24"[39m
                  [33mstroke[39m=[32m"currentColor"[39m
                  [33mstroke-linecap[39m=[32m"round"[39m
                  [33mstroke-linejoin[39m=[32m"round"[39m
                  [33mstroke-width[39m=[32m"2"[39m
                  [33mviewBox[39m=[32m"0 0 24 24"[39m
                  [33mwidth[39m=[32m"24"[39m
                  [33mxmlns[39m=[32m"http://www.w3.org/2000/svg"[39m
                [36m>[39m
                  [36m<polygon[39m
                    [33mpoints[39m=[32m"12 2 15.09 8.26 22 9.27 17 14.14 18.18 21.02 12 17.77 5.82 21.02 7 14.14 2 9.27 8.91 8.26 12 2"[39m
                  [36m/>[39m
                [36m</svg>[39m
                [36m<svg[39m
                  [33mclass[39m=[32m"lucide lucide-star w-5 h-5 fill-yellow-400 text-yellow-400 cursor-default"[39m
                  [33mdata-testid[39m=[32m"star-rating-star"[39m
                  [33mfill[39m=[32m"none"[39m
                  [33mheight[39m=[32m"24"[39m
                  [33mstroke[39m=[32m"currentColor"[39m
                  [33mstroke-linecap[39m=[32m"round"[39m
                  [33mstroke-linejoin[39m=[32m"round"[39m
                  [33mstroke-width[39m=[32m"2"[39m
                  [33mviewBox[39m=[32m"0 0 24 24"[39m
                  [33mwidth[39m=[32m"24"[39m
                  [33mxmlns[39m=[32m"http://www.w3.org/2000/svg"[39m
                [36m>[39m
                  [36m<polygon[39m
                    [33mpoints[39m=[32m"12 2 15.09 8.26 22 9.27 17 14.14 18.18 21.02 12 17.77 5.82 21.02 7 14.14 2 9.27 8.91 8.26 12 2"[39m
                  [36m/>[39m
                [36m</svg>[39m
                [36m<svg[39m
                  [33mclass[39m=[32m"lucide lucide-star w-5 h-5 fill-yellow-400 text-yellow-400 cursor-default"[39m
                  [33mdata-testid[39m=[32m"star-rating-star"[39m
                  [33mfill[39m=[32m"none"[39m
                  [33mheight[39m=[32m"24"[39m
                  [33mstroke[39m=[32m"currentColor"[39m
                  [33mstroke-linecap[39m=[32m"round"[39m
                  [33mstroke-linejoin[39m=[32m"round"[39m
                  [33mstroke-width[39m=[32m"2"[39m
                  [33mviewBox[39m=[32m"0 0 24 24"[39m
                  [33mwidth[39m=[32m"24"[39m
                  [33mxmlns[39m=[32m"http://www.w3.org/2000/svg"[39m
                [36m>[39m
                  [36m<polygon[39m
                    [33mpoints[39m=[32m"12 2 15.09 8.26 22 9.27 17 14.14 18.18 21.02 12 17.77 5.82 21.02 7 14.14 2 9.27 8.91 8.26 12 2"[39m
                  [36m/>[39m
                [36m</svg>[39m
                [36m<svg[39m
                  [33mclass[39m=[32m"lucide lucide-star w-5 h-5 fill-yellow-400 text-yellow-400 cursor-default"[39m
                  [33mdata-testid[39m=[32m"star-rating-star"[39m
                  [33mfill[39m=[32m"none"[39m
                  [33mheight[39m=[32m"24"[39m
                  [33mstroke[39m=[32m"currentColor"[39m
                  [33mstroke-linecap[39m=[32m"round"[39m
                  [33mstroke-linejoin[39m=[32m"round"[39m
                  [33mstroke-width[39m=[32m"2"[39m
                  [33mviewBox[39m=[32m"0 0 24 24"[39m
                  [33mwidth[39m=[32m"24"[39m
                  [33mxmlns[39m=[32m"http://www.w3.org/2000/svg"[39m
                [36m>[39m
                  [36m<polygon[39m
                    [33mpoints[39m=[32m"12 2 15.09 8.26 22 9.27 17 14.14 18.18 21.02 12 17.77 5.82 21.02 7 14.14 2 9.27 8.91 8.26 12 2"[39m
                  [36m/>[39m
                [36m</svg>[39m
              [36m</div>[39m
              [36m<span[39m
                [33mclass[39m=[32m"text-sm text-gray-500"[39m
              [36m>[39m
                [0m([0m
                [0m2[0m
                [0m [0m
                [0mreviews[0m
                [0m)[0m
              [36m</span>[39m
            [36m</div>[39m
          [36m</div>[39m
          [36m<button[39m
            [33mclass[39m=[32m"inline-flex items-center justify-center gap-2 whitespace-nowrap rou...
 ✓ resources/js/tests/components/Store/Review/ReviewComponent.test.tsx > ReviewComponent > shows empty state when no reviews
 × resources/js/tests/components/Store/Review/ReviewComponent.test.tsx > ReviewComponent > handles loading state during sort
   → expect(element).toHaveClass("opacity-50")

Expected the element to have class:
  opacity-50
Received:
  space-y-6
 ✓ resources/js/tests/components/Store/Review/ReviewComponent.test.tsx > ReviewComponent > handles pagination correctly
 ✓ resources/js/tests/components/Store/Review/ReviewComponent.test.tsx > ReviewComponent > handles multiple sort directions
 × resources/js/tests/components/Store/Review/ReviewComponent.test.tsx > ReviewComponent > displays review dates in correct format
   → Unable to find an element with the text: /202\d-\d{2}-\d{2}/. This could be because the text is broken up by multiple elements. In this case, you can provide a function for your text matcher to make your matcher more flexible.

Ignored nodes: comments, script, style
[36m<body[39m
  [33mstyle[39m=[32m""[39m
[36m>[39m
  [36m<div>[39m
    [36m<div[39m
      [33mclass[39m=[32m"space-y-6"[39m
    [36m>[39m
      [36m<div[39m
        [33mclass[39m=[32m"flex items-center justify-between"[39m
      [36m>[39m
        [36m<div>[39m
          [36m<h2[39m
            [33mclass[39m=[32m"text-2xl font-bold"[39m
          [36m>[39m
            [0mProduct Reviews[0m
          [36m</h2>[39m
          [36m<div[39m
            [33mclass[39m=[32m"flex items-center gap-2 mt-2"[39m
          [36m>[39m
            [36m<span[39m
              [33mclass[39m=[32m"text-lg font-medium"[39m
            [36m>[39m
              [0m4.5[0m
            [36m</span>[39m
            [36m<div[39m
              [33mclass[39m=[32m"flex gap-1"[39m
            [36m>[39m
              [36m<svg[39m
                [33mclass[39m=[32m"lucide lucide-star w-5 h-5 fill-yellow-400 text-yellow-400 cursor-default"[39m
                [33mdata-testid[39m=[32m"star-rating-star"[39m
                [33mfill[39m=[32m"none"[39m
                [33mheight[39m=[32m"24"[39m
                [33mstroke[39m=[32m"currentColor"[39m
                [33mstroke-linecap[39m=[32m"round"[39m
                [33mstroke-linejoin[39m=[32m"round"[39m
                [33mstroke-width[39m=[32m"2"[39m
                [33mviewBox[39m=[32m"0 0 24 24"[39m
                [33mwidth[39m=[32m"24"[39m
                [33mxmlns[39m=[32m"http://www.w3.org/2000/svg"[39m
              [36m>[39m
                [36m<polygon[39m
                  [33mpoints[39m=[32m"12 2 15.09 8.26 22 9.27 17 14.14 18.18 21.02 12 17.77 5.82 21.02 7 14.14 2 9.27 8.91 8.26 12 2"[39m
                [36m/>[39m
              [36m</svg>[39m
              [36m<svg[39m
                [33mclass[39m=[32m"lucide lucide-star w-5 h-5 fill-yellow-400 text-yellow-400 cursor-default"[39m
                [33mdata-testid[39m=[32m"star-rating-star"[39m
                [33mfill[39m=[32m"none"[39m
                [33mheight[39m=[32m"24"[39m
                [33mstroke[39m=[32m"currentColor"[39m
                [33mstroke-linecap[39m=[32m"round"[39m
                [33mstroke-linejoin[39m=[32m"round"[39m
                [33mstroke-width[39m=[32m"2"[39m
                [33mviewBox[39m=[32m"0 0 24 24"[39m
                [33mwidth[39m=[32m"24"[39m
                [33mxmlns[39m=[32m"http://www.w3.org/2000/svg"[39m
              [36m>[39m
                [36m<polygon[39m
                  [33mpoints[39m=[32m"12 2 15.09 8.26 22 9.27 17 14.14 18.18 21.02 12 17.77 5.82 21.02 7 14.14 2 9.27 8.91 8.26 12 2"[39m
                [36m/>[39m
              [36m</svg>[39m
              [36m<svg[39m
                [33mclass[39m=[32m"lucide lucide-star w-5 h-5 fill-yellow-400 text-yellow-400 cursor-default"[39m
                [33mdata-testid[39m=[32m"star-rating-star"[39m
                [33mfill[39m=[32m"none"[39m
                [33mheight[39m=[32m"24"[39m
                [33mstroke[39m=[32m"currentColor"[39m
                [33mstroke-linecap[39m=[32m"round"[39m
                [33mstroke-linejoin[39m=[32m"round"[39m
                [33mstroke-width[39m=[32m"2"[39m
                [33mviewBox[39m=[32m"0 0 24 24"[39m
                [33mwidth[39m=[32m"24"[39m
                [33mxmlns[39m=[32m"http://www.w3.org/2000/svg"[39m
              [36m>[39m
                [36m<polygon[39m
                  [33mpoints[39m=[32m"12 2 15.09 8.26 22 9.27 17 14.14 18.18 21.02 12 17.77 5.82 21.02 7 14.14 2 9.27 8.91 8.26 12 2"[39m
                [36m/>[39m
              [36m</svg>[39m
              [36m<svg[39m
                [33mclass[39m=[32m"lucide lucide-star w-5 h-5 fill-yellow-400 text-yellow-400 cursor-default"[39m
                [33mdata-testid[39m=[32m"star-rating-star"[39m
                [33mfill[39m=[32m"none"[39m
                [33mheight[39m=[32m"24"[39m
                [33mstroke[39m=[32m"currentColor"[39m
                [33mstroke-linecap[39m=[32m"round"[39m
                [33mstroke-linejoin[39m=[32m"round"[39m
                [33mstroke-width[39m=[32m"2"[39m
                [33mviewBox[39m=[32m"0 0 24 24"[39m
                [33mwidth[39m=[32m"24"[39m
                [33mxmlns[39m=[32m"http://www.w3.org/2000/svg"[39m
              [36m>[39m
                [36m<polygon[39m
                  [33mpoints[39m=[32m"12 2 15.09 8.26 22 9.27 17 14.14 18.18 21.02 12 17.77 5.82 21.02 7 14.14 2 9.27 8.91 8.26 12 2"[39m
                [36m/>[39m
              [36m</svg>[39m
              [36m<svg[39m
                [33mclass[39m=[32m"lucide lucide-star w-5 h-5 fill-yellow-400 text-yellow-400 cursor-default"[39m
                [33mdata-testid[39m=[32m"star-rating-star"[39m
                [33mfill[39m=[32m"none"[39m
                [33mheight[39m=[32m"24"[39m
                [33mstroke[39m=[32m"currentColor"[39m
                [33mstroke-linecap[39m=[32m"round"[39m
                [33mstroke-linejoin[39m=[32m"round"[39m
                [33mstroke-width[39m=[32m"2"[39m
                [33mviewBox[39m=[32m"0 0 24 24"[39m
                [33mwidth[39m=[32m"24"[39m
                [33mxmlns[39m=[32m"http://www.w3.org/2000/svg"[39m
              [36m>[39m
                [36m<polygon[39m
                  [33mpoints[39m=[32m"12 2 15.09 8.26 22 9.27 17 14.14 18.18 21.02 12 17.77 5.82 21.02 7 14.14 2 9.27 8.91 8.26 12 2"[39m
                [36m/>[39m
              [36m</svg>[39m
            [36m</div>[39m
            [36m<span[39m
              [33mclass[39m=[32m"text-sm text-gray-500"[39m
            [36m>[39m
              [0m([0m
              [0m2[0m
              [0m [0m
              [0mreviews[0m
              [0m)[0m
            [36m</span>[39m
          [36m</div>[39m
        [36m</div>[39m
        [36m<button[39m
          [33mclass[39m=[32m"inline-flex items-center justify-center gap-2 whitespace-nowrap rounded-md text-sm font-medium ring-offset-background transition-colors focus-visible:outline-none focus-visible:ring-2 focus-visible:ring-ring focus-visible:ring-offset-2 disabled:pointer-events-none disabled:opacity-50 [&_svg]:pointer-events-none [&_svg]:size-4 [&_svg]:shrink-0 bg-primary text-primary-foreground hover:bg-primary/90 h-10 px-4 py-2"[39m
        [36m>[39m
          [0mWrite a Review[0m
        [36m</button>[39m
      [36m</div>[39m
      [36m<div[39m
        [33mclass[39m=[32m"overflow-x-auto"[39m
      [36m>[39m
        [36m<table[39m
          [33mclass[39m=[32m"w-full"[39m
        [36m>[39m
          [36m<thead>[39m
            [36m<tr[39m
              [33mclass[39m=[32m"border-b"[39m
            [36m>[39m
              [36m<th...
 × resources/js/tests/components/Store/Review/ReviewComponent.test.tsx > ReviewComponent > shows correct average rating display
   → expected [ SVGSVGElement{ …(2), …(2) }, …(13) ] to have a length of 5 but got 14
 ✓ resources/js/tests/components/Store/Review/ReviewComponent.test.tsx > ReviewComponent > handles review form character limits
 × resources/js/tests/components/Store/Review/ReviewComponent.test.tsx > ReviewComponent > handles review submission with minimum required fields 1125ms
   → expected "spy" to be called with arguments: [ 1, { rating: 5, …(2) } ]

Received: 



Number of calls: 0


Ignored nodes: comments, script, style
[36m<html>[39m
  [36m<head />[39m
  [36m<body[39m
    [33mdata-scroll-locked[39m=[32m"1"[39m
    [33mstyle[39m=[32m"pointer-events: none;"[39m
  [36m>[39m
    [36m<span[39m
      [33maria-hidden[39m=[32m"true"[39m
      [33mdata-aria-hidden[39m=[32m"true"[39m
      [33mdata-radix-focus-guard[39m=[32m""[39m
      [33mstyle[39m=[32m"outline: none; opacity: 0; position: fixed; pointer-events: none;"[39m
      [33mtabindex[39m=[32m"0"[39m
    [36m/>[39m
    [36m<div[39m
      [33maria-hidden[39m=[32m"true"[39m
      [33mdata-aria-hidden[39m=[32m"true"[39m
    [36m>[39m
      [36m<div[39m
        [33mclass[39m=[32m"space-y-6"[39m
      [36m>[39m
        [36m<div[39m
          [33mclass[39m=[32m"flex items-center justify-between"[39m
        [36m>[39m
          [36m<div>[39m
            [36m<h2[39m
              [33mclass[39m=[32m"text-2xl font-bold"[39m
            [36m>[39m
              [0mProduct Reviews[0m
            [36m</h2>[39m
            [36m<div[39m
              [33mclass[39m=[32m"flex items-center gap-2 mt-2"[39m
            [36m>[39m
              [36m<span[39m
                [33mclass[39m=[32m"text-lg font-medium"[39m
              [36m>[39m
                [0m4.5[0m
              [36m</span>[39m
              [36m<div[39m
                [33mclass[39m=[32m"flex gap-1"[39m
              [36m>[39m
                [36m<svg[39m
                  [33mclass[39m=[32m"lucide lucide-star w-5 h-5 fill-yellow-400 text-yellow-400 cursor-default"[39m
                  [33mdata-testid[39m=[32m"star-rating-star"[39m
                  [33mfill[39m=[32m"none"[39m
                  [33mheight[39m=[32m"24"[39m
                  [33mstroke[39m=[32m"currentColor"[39m
                  [33mstroke-linecap[39m=[32m"round"[39m
                  [33mstroke-linejoin[39m=[32m"round"[39m
                  [33mstroke-width[39m=[32m"2"[39m
                  [33mviewBox[39m=[32m"0 0 24 24"[39m
                  [33mwidth[39m=[32m"24"[39m
                  [33mxmlns[39m=[32m"http://www.w3.org/2000/svg"[39m
                [36m>[39m
                  [36m<polygon[39m
                    [33mpoints[39m=[32m"12 2 15.09 8.26 22 9.27 17 14.14 18.18 21.02 12 17.77 5.82 21.02 7 14.14 2 9.27 8.91 8.26 12 2"[39m
                  [36m/>[39m
                [36m</svg>[39m
                [36m<svg[39m
                  [33mclass[39m=[32m"lucide lucide-star w-5 h-5 fill-yellow-400 text-yellow-400 cursor-default"[39m
                  [33mdata-testid[39m=[32m"star-rating-star"[39m
                  [33mfill[39m=[32m"none"[39m
                  [33mheight[39m=[32m"24"[39m
                  [33mstroke[39m=[32m"currentColor"[39m
                  [33mstroke-linecap[39m=[32m"round"[39m
                  [33mstroke-linejoin[39m=[32m"round"[39m
                  [33mstroke-width[39m=[32m"2"[39m
                  [33mviewBox[39m=[32m"0 0 24 24"[39m
                  [33mwidth[39m=[32m"24"[39m
                  [33mxmlns[39m=[32m"http://www.w3.org/2000/svg"[39m
                [36m>[39m
                  [36m<polygon[39m
                    [33mpoints[39m=[32m"12 2 15.09 8.26 22 9.27 17 14.14 18.18 21.02 12 17.77 5.82 21.02 7 14.14 2 9.27 8.91 8.26 12 2"[39m
                  [36m/>[39m
                [36m</svg>[39m
                [36m<svg[39m
                  [33mclass[39m=[32m"lucide lucide-star w-5 h-5 fill-yellow-400 text-yellow-400 cursor-default"[39m
                  [33mdata-testid[39m=[32m"star-rating-star"[39m
                  [33mfill[39m=[32m"none"[39m
                  [33mheight[39m=[32m"24"[39m
                  [33mstroke[39m=[32m"currentColor"[39m
                  [33mstroke-linecap[39m=[32m"round"[39m
                  [33mstroke-linejoin[39m=[32m"round"[39m
                  [33mstroke-width[39m=[32m"2"[39m
                  [33mviewBox[39m=[32m"0 0 24 24"[39m
                  [33mwidth[39m=[32m"24"[39m
                  [33mxmlns[39m=[32m"http://www.w3.org/2000/svg"[39m
                [36m>[39m
                  [36m<polygon[39m
                    [33mpoints[39m=[32m"12 2 15.09 8.26 22 9.27 17 14.14 18.18 21.02 12 17.77 5.82 21.02 7 14.14 2 9.27 8.91 8.26 12 2"[39m
                  [36m/>[39m
                [36m</svg>[39m
                [36m<svg[39m
                  [33mclass[39m=[32m"lucide lucide-star w-5 h-5 fill-yellow-400 text-yellow-400 cursor-default"[39m
                  [33mdata-testid[39m=[32m"star-rating-star"[39m
                  [33mfill[39m=[32m"none"[39m
                  [33mheight[39m=[32m"24"[39m
                  [33mstroke[39m=[32m"currentColor"[39m
                  [33mstroke-linecap[39m=[32m"round"[39m
                  [33mstroke-linejoin[39m=[32m"round"[39m
                  [33mstroke-width[39m=[32m"2"[39m
                  [33mviewBox[39m=[32m"0 0 24 24"[39m
                  [33mwidth[39m=[32m"24"[39m
                  [33mxmlns[39m=[32m"http://www.w3.org/2000/svg"[39m
                [36m>[39m
                  [36m<polygon[39m
                    [33mpoints[39m=[32m"12 2 15.09 8.26 22 9.27 17 14.14 18.18 21.02 12 17.77 5.82 21.02 7 14.14 2 9.27 8.91 8.26 12 2"[39m
                  [36m/>[39m
                [36m</svg>[39m
                [36m<svg[39m
                  [33mclass[39m=[32m"lucide lucide-star w-5 h-5 fill-yellow-400 text-yellow-400 cursor-default"[39m
                  [33mdata-testid[39m=[32m"star-rating-star"[39m
                  [33mfill[39m=[32m"none"[39m
                  [33mheight[39m=[32m"24"[39m
                  [33mstroke[39m=[32m"currentColor"[39m
                  [33mstroke-linecap[39m=[32m"round"[39m
                  [33mstroke-linejoin[39m=[32m"round"[39m
                  [33mstroke-width[39m=[32m"2"[39m
                  [33mviewBox[39m=[32m"0 0 24 24"[39m
                  [33mwidth[39m=[32m"24"[39m
                  [33mxmlns[39m=[32m"http://www.w3.org/2000/svg"[39m
                [36m>[39m
                  [36m<polygon[39m
                    [33mpoints[39m=[32m"12 2 15.09 8.26 22 9.27 17 14.14 18.18 21.02 12 17.77 5.82 21.02 7 14.14 2 9.27 8.91 8.26 12 2"[39m
                  [36m/>[39m
                [36m</svg>[39m
              [36m</div>[39m
              [36m<span[39m
                [33mclass[39m=[32m"text-sm text-gray-500"[39m
              [36m>[39m
                [0m([0m
                [0m2[0m
                [0m [0m
                [0mreviews[0m
                [0m)[0m
              [36m</span>[39m
            [36m</div>[39m
          [36m</div>[39m
          [36m<button[39m
            [33mclass[39m=[32m"inline-flex items-center justify-center gap-2 whitespace-nowrap rou...
 × resources/js/tests/components/Store/Review/ReviewComponent.test.tsx > ReviewComponent > handles network errors during review submission 1102ms
   → expected "spy" to be called with arguments: [ 'Failed to submit review' ]

Received: 

  1st spy call:

  Array [
-   "Failed to submit review",
+   "Please select a rating",
  ]


Number of calls: 1


Ignored nodes: comments, script, style
[36m<html>[39m
  [36m<head />[39m
  [36m<body[39m
    [33mdata-scroll-locked[39m=[32m"1"[39m
    [33mstyle[39m=[32m"pointer-events: none;"[39m
  [36m>[39m
    [36m<span[39m
      [33maria-hidden[39m=[32m"true"[39m
      [33mdata-aria-hidden[39m=[32m"true"[39m
      [33mdata-radix-focus-guard[39m=[32m""[39m
      [33mstyle[39m=[32m"outline: none; opacity: 0; position: fixed; pointer-events: none;"[39m
      [33mtabindex[39m=[32m"0"[39m
    [36m/>[39m
    [36m<div[39m
      [33maria-hidden[39m=[32m"true"[39m
      [33mdata-aria-hidden[39m=[32m"true"[39m
    [36m>[39m
      [36m<div[39m
        [33mclass[39m=[32m"space-y-6"[39m
      [36m>[39m
        [36m<div[39m
          [33mclass[39m=[32m"flex items-center justify-between"[39m
        [36m>[39m
          [36m<div>[39m
            [36m<h2[39m
              [33mclass[39m=[32m"text-2xl font-bold"[39m
            [36m>[39m
              [0mProduct Reviews[0m
            [36m</h2>[39m
            [36m<div[39m
              [33mclass[39m=[32m"flex items-center gap-2 mt-2"[39m
            [36m>[39m
              [36m<span[39m
                [33mclass[39m=[32m"text-lg font-medium"[39m
              [36m>[39m
                [0m4.5[0m
              [36m</span>[39m
              [36m<div[39m
                [33mclass[39m=[32m"flex gap-1"[39m
              [36m>[39m
                [36m<svg[39m
                  [33mclass[39m=[32m"lucide lucide-star w-5 h-5 fill-yellow-400 text-yellow-400 cursor-default"[39m
                  [33mdata-testid[39m=[32m"star-rating-star"[39m
                  [33mfill[39m=[32m"none"[39m
                  [33mheight[39m=[32m"24"[39m
                  [33mstroke[39m=[32m"currentColor"[39m
                  [33mstroke-linecap[39m=[32m"round"[39m
                  [33mstroke-linejoin[39m=[32m"round"[39m
                  [33mstroke-width[39m=[32m"2"[39m
                  [33mviewBox[39m=[32m"0 0 24 24"[39m
                  [33mwidth[39m=[32m"24"[39m
                  [33mxmlns[39m=[32m"http://www.w3.org/2000/svg"[39m
                [36m>[39m
                  [36m<polygon[39m
                    [33mpoints[39m=[32m"12 2 15.09 8.26 22 9.27 17 14.14 18.18 21.02 12 17.77 5.82 21.02 7 14.14 2 9.27 8.91 8.26 12 2"[39m
                  [36m/>[39m
                [36m</svg>[39m
                [36m<svg[39m
                  [33mclass[39m=[32m"lucide lucide-star w-5 h-5 fill-yellow-400 text-yellow-400 cursor-default"[39m
                  [33mdata-testid[39m=[32m"star-rating-star"[39m
                  [33mfill[39m=[32m"none"[39m
                  [33mheight[39m=[32m"24"[39m
                  [33mstroke[39m=[32m"currentColor"[39m
                  [33mstroke-linecap[39m=[32m"round"[39m
                  [33mstroke-linejoin[39m=[32m"round"[39m
                  [33mstroke-width[39m=[32m"2"[39m
                  [33mviewBox[39m=[32m"0 0 24 24"[39m
                  [33mwidth[39m=[32m"24"[39m
                  [33mxmlns[39m=[32m"http://www.w3.org/2000/svg"[39m
                [36m>[39m
                  [36m<polygon[39m
                    [33mpoints[39m=[32m"12 2 15.09 8.26 22 9.27 17 14.14 18.18 21.02 12 17.77 5.82 21.02 7 14.14 2 9.27 8.91 8.26 12 2"[39m
                  [36m/>[39m
                [36m</svg>[39m
                [36m<svg[39m
                  [33mclass[39m=[32m"lucide lucide-star w-5 h-5 fill-yellow-400 text-yellow-400 cursor-default"[39m
                  [33mdata-testid[39m=[32m"star-rating-star"[39m
                  [33mfill[39m=[32m"none"[39m
                  [33mheight[39m=[32m"24"[39m
                  [33mstroke[39m=[32m"currentColor"[39m
                  [33mstroke-linecap[39m=[32m"round"[39m
                  [33mstroke-linejoin[39m=[32m"round"[39m
                  [33mstroke-width[39m=[32m"2"[39m
                  [33mviewBox[39m=[32m"0 0 24 24"[39m
                  [33mwidth[39m=[32m"24"[39m
                  [33mxmlns[39m=[32m"http://www.w3.org/2000/svg"[39m
                [36m>[39m
                  [36m<polygon[39m
                    [33mpoints[39m=[32m"12 2 15.09 8.26 22 9.27 17 14.14 18.18 21.02 12 17.77 5.82 21.02 7 14.14 2 9.27 8.91 8.26 12 2"[39m
                  [36m/>[39m
                [36m</svg>[39m
                [36m<svg[39m
                  [33mclass[39m=[32m"lucide lucide-star w-5 h-5 fill-yellow-400 text-yellow-400 cursor-default"[39m
                  [33mdata-testid[39m=[32m"star-rating-star"[39m
                  [33mfill[39m=[32m"none"[39m
                  [33mheight[39m=[32m"24"[39m
                  [33mstroke[39m=[32m"currentColor"[39m
                  [33mstroke-linecap[39m=[32m"round"[39m
                  [33mstroke-linejoin[39m=[32m"round"[39m
                  [33mstroke-width[39m=[32m"2"[39m
                  [33mviewBox[39m=[32m"0 0 24 24"[39m
                  [33mwidth[39m=[32m"24"[39m
                  [33mxmlns[39m=[32m"http://www.w3.org/2000/svg"[39m
                [36m>[39m
                  [36m<polygon[39m
                    [33mpoints[39m=[32m"12 2 15.09 8.26 22 9.27 17 14.14 18.18 21.02 12 17.77 5.82 21.02 7 14.14 2 9.27 8.91 8.26 12 2"[39m
                  [36m/>[39m
                [36m</svg>[39m
                [36m<svg[39m
                  [33mclass[39m=[32m"lucide lucide-star w-5 h-5 fill-yellow-400 text-yellow-400 cursor-default"[39m
                  [33mdata-testid[39m=[32m"star-rating-star"[39m
                  [33mfill[39m=[32m"none"[39m
                  [33mheight[39m=[32m"24"[39m
                  [33mstroke[39m=[32m"currentColor"[39m
                  [33mstroke-linecap[39m=[32m"round"[39m
                  [33mstroke-linejoin[39m=[32m"round"[39m
                  [33mstroke-width[39m=[32m"2"[39m
                  [33mviewBox[39m=[32m"0 0 24 24"[39m
                  [33mwidth[39m=[32m"24"[39m
                  [33mxmlns[39m=[32m"http://www.w3.org/2000/svg"[39m
                [36m>[39m
                  [36m<polygon[39m
                    [33mpoints[39m=[32m"12 2 15.09 8.26 22 9.27 17 14.14 18.18 21.02 12 17.77 5.82 21.02 7 14.14 2 9.27 8.91 8.26 12 2"[39m
                  [36m/>[39m
                [36m</svg>[39m
              [36m</div>[39m
              [36m<span[39m
                [33mclass[39m=[32m"text-sm text-gray-500"[39m
              [36m>[39m
                [0m([0m
                [0m2[0m
                [0m [0m
                [0mreviews[0m
                [0m)[0m
              [36m</span>[39m
            [36m</div>[39m
          [36m</div>[39m
          [36m<button[39m
            [33mclass[39m=[32m"inline-flex items-center justify-center gap-2 whitespace-nowrap rou...
 × resources/js/tests/components/Store/Review/ReviewComponent.test.tsx > ReviewComponent > maintains sort state between page navigations
   → expected last "spy" call to have been called with [ 1, 2, 'rating', 'desc' ]
 × resources/js/tests/components/Store/Review/ReviewComponent.test.tsx > ReviewComponent > disables submit button during review submission 1163ms
   → expect(element).toBeDisabled()

Received element is not disabled:
  <button
  aria-disabled="false"
  aria-label="Submit review"
  class="inline-flex items-center justify-center gap-2 whitespace-nowrap rounded-md text-sm font-medium ring-offset-background transition-colors focus-visible:outline-none focus-visible:ring-2 focus-visible:ring-ring focus-visible:ring-offset-2 disabled:pointer-events-none disabled:opacity-50 [&_svg]:pointer-events-none [&_svg]:size-4 [&_svg]:shrink-0 bg-primary text-primary-foreground hover:bg-primary/90 h-10 px-4 py-2"
  data-testid="submit-review-button"
  type="submit"
/>

Ignored nodes: comments, script, style
[36m<html>[39m
  [36m<head />[39m
  [36m<body[39m
    [33mdata-scroll-locked[39m=[32m"1"[39m
    [33mstyle[39m=[32m"pointer-events: none;"[39m
  [36m>[39m
    [36m<span[39m
      [33maria-hidden[39m=[32m"true"[39m
      [33mdata-aria-hidden[39m=[32m"true"[39m
      [33mdata-radix-focus-guard[39m=[32m""[39m
      [33mstyle[39m=[32m"outline: none; opacity: 0; position: fixed; pointer-events: none;"[39m
      [33mtabindex[39m=[32m"0"[39m
    [36m/>[39m
    [36m<div[39m
      [33maria-hidden[39m=[32m"true"[39m
      [33mdata-aria-hidden[39m=[32m"true"[39m
    [36m>[39m
      [36m<div[39m
        [33mclass[39m=[32m"space-y-6"[39m
      [36m>[39m
        [36m<div[39m
          [33mclass[39m=[32m"flex items-center justify-between"[39m
        [36m>[39m
          [36m<div>[39m
            [36m<h2[39m
              [33mclass[39m=[32m"text-2xl font-bold"[39m
            [36m>[39m
              [0mProduct Reviews[0m
            [36m</h2>[39m
            [36m<div[39m
              [33mclass[39m=[32m"flex items-center gap-2 mt-2"[39m
            [36m>[39m
              [36m<span[39m
                [33mclass[39m=[32m"text-lg font-medium"[39m
              [36m>[39m
                [0m4.5[0m
              [36m</span>[39m
              [36m<div[39m
                [33mclass[39m=[32m"flex gap-1"[39m
              [36m>[39m
                [36m<svg[39m
                  [33mclass[39m=[32m"lucide lucide-star w-5 h-5 fill-yellow-400 text-yellow-400 cursor-default"[39m
                  [33mdata-testid[39m=[32m"star-rating-star"[39m
                  [33mfill[39m=[32m"none"[39m
                  [33mheight[39m=[32m"24"[39m
                  [33mstroke[39m=[32m"currentColor"[39m
                  [33mstroke-linecap[39m=[32m"round"[39m
                  [33mstroke-linejoin[39m=[32m"round"[39m
                  [33mstroke-width[39m=[32m"2"[39m
                  [33mviewBox[39m=[32m"0 0 24 24"[39m
                  [33mwidth[39m=[32m"24"[39m
                  [33mxmlns[39m=[32m"http://www.w3.org/2000/svg"[39m
                [36m>[39m
                  [36m<polygon[39m
                    [33mpoints[39m=[32m"12 2 15.09 8.26 22 9.27 17 14.14 18.18 21.02 12 17.77 5.82 21.02 7 14.14 2 9.27 8.91 8.26 12 2"[39m
                  [36m/>[39m
                [36m</svg>[39m
                [36m<svg[39m
                  [33mclass[39m=[32m"lucide lucide-star w-5 h-5 fill-yellow-400 text-yellow-400 cursor-default"[39m
                  [33mdata-testid[39m=[32m"star-rating-star"[39m
                  [33mfill[39m=[32m"none"[39m
                  [33mheight[39m=[32m"24"[39m
                  [33mstroke[39m=[32m"currentColor"[39m
                  [33mstroke-linecap[39m=[32m"round"[39m
                  [33mstroke-linejoin[39m=[32m"round"[39m
                  [33mstroke-width[39m=[32m"2"[39m
                  [33mviewBox[39m=[32m"0 0 24 24"[39m
                  [33mwidth[39m=[32m"24"[39m
                  [33mxmlns[39m=[32m"http://www.w3.org/2000/svg"[39m
                [36m>[39m
                  [36m<polygon[39m
                    [33mpoints[39m=[32m"12 2 15.09 8.26 22 9.27 17 14.14 18.18 21.02 12 17.77 5.82 21.02 7 14.14 2 9.27 8.91 8.26 12 2"[39m
                  [36m/>[39m
                [36m</svg>[39m
                [36m<svg[39m
                  [33mclass[39m=[32m"lucide lucide-star w-5 h-5 fill-yellow-400 text-yellow-400 cursor-default"[39m
                  [33mdata-testid[39m=[32m"star-rating-star"[39m
                  [33mfill[39m=[32m"none"[39m
                  [33mheight[39m=[32m"24"[39m
                  [33mstroke[39m=[32m"currentColor"[39m
                  [33mstroke-linecap[39m=[32m"round"[39m
                  [33mstroke-linejoin[39m=[32m"round"[39m
                  [33mstroke-width[39m=[32m"2"[39m
                  [33mviewBox[39m=[32m"0 0 24 24"[39m
                  [33mwidth[39m=[32m"24"[39m
                  [33mxmlns[39m=[32m"http://www.w3.org/2000/svg"[39m
                [36m>[39m
                  [36m<polygon[39m
                    [33mpoints[39m=[32m"12 2 15.09 8.26 22 9.27 17 14.14 18.18 21.02 12 17.77 5.82 21.02 7 14.14 2 9.27 8.91 8.26 12 2"[39m
                  [36m/>[39m
                [36m</svg>[39m
                [36m<svg[39m
                  [33mclass[39m=[32m"lucide lucide-star w-5 h-5 fill-yellow-400 text-yellow-400 cursor-default"[39m
                  [33mdata-testid[39m=[32m"star-rating-star"[39m
                  [33mfill[39m=[32m"none"[39m
                  [33mheight[39m=[32m"24"[39m
                  [33mstroke[39m=[32m"currentColor"[39m
                  [33mstroke-linecap[39m=[32m"round"[39m
                  [33mstroke-linejoin[39m=[32m"round"[39m
                  [33mstroke-width[39m=[32m"2"[39m
                  [33mviewBox[39m=[32m"0 0 24 24"[39m
                  [33mwidth[39m=[32m"24"[39m
                  [33mxmlns[39m=[32m"http://www.w3.org/2000/svg"[39m
                [36m>[39m
                  [36m<polygon[39m
                    [33mpoints[39m=[32m"12 2 15.09 8.26 22 9.27 17 14.14 18.18 21.02 12 17.77 5.82 21.02 7 14.14 2 9.27 8.91 8.26 12 2"[39m
                  [36m/>[39m
                [36m</svg>[39m
                [36m<svg[39m
                  [33mclass[39m=[32m"lucide lucide-star w-5 h-5 fill-yellow-400 text-yellow-400 cursor-default"[39m
                  [33mdata-testid[39m=[32m"star-rating-star"[39m
                  [33mfill[39m=[32m"none"[39m
                  [33mheight[39m=[32m"24"[39m
                  [33mstroke[39m=[32m"currentColor"[39m
                  [33mstroke-linecap[39m=[32m"round"[39m
                  [33mstroke-linejoin[39m=[32m"round"[39m
                  [33mstroke-width[39m=[32m"2"[39m
                  [33mviewBox[39m=[32m"0 0 24 24"[39m
                  [33mwidth[39m=[32m"24"[39m
                  [33mxmlns[39m=[32m"http://www.w3.org/2000/svg"[39m
                [36m>[39m
                  [36m<polygon[39m
                    [33mpoints[39m=[32m"12 2 15.09 8.26 22 9.27 17 14.14 18.18 21.02 12 17.77 5.82 21.02 7 14.14 2 9.27 8.91 8.26 12 2"[39m
                  [36m/>[39m
                [36m</svg>[39m
              [36m</div>[39m
              [36m<span[39m
                [33mclass[39m=[32m"text-sm text-gray-500"[39m
              [36m>[39m
                [0m([0m
                [0m2[0m
                [0m [0m
                [0mreviews[0m
                [0m)[0m
              [36m</span>[39m
            [36m</div>[39m
          [36m</div>[39m
          [36m<button[39m
            [33mclass[39m=[32m"inline-flex items-center justify-center gap-2 whitespace-nowrap rou...
 × resources/js/tests/components/Store/Review/ReviewComponent.test.tsx > ReviewForm > should handle form submission correctly 376ms
   → Unable to find an accessible element with the role "button" and name `/star/i`

Here are the accessible roles:

  textbox:

  Name "Title":
  [36m<input[39m
    [33mclass[39m=[32m"flex h-10 w-full rounded-md border border-input bg-background px-3 py-2 text-base ring-offset-background file:border-0 file:bg-transparent file:text-sm file:font-medium file:text-foreground placeholder:text-muted-foreground focus-visible:outline-none focus-visible:ring-2 focus-visible:ring-ring focus-visible:ring-offset-2 disabled:cursor-not-allowed disabled:opacity-50 md:text-sm"[39m
    [33mdata-testid[39m=[32m"review-title-input"[39m
    [33mid[39m=[32m"title"[39m
    [33mmaxlength[39m=[32m"100"[39m
    [33mname[39m=[32m"title"[39m
    [33mplaceholder[39m=[32m"Review title"[39m
    [33mvalue[39m=[32m"Great Product"[39m
  [36m/>[39m

  Name "Review":
  [36m<textarea[39m
    [33mclass[39m=[32m"flex min-h-[80px] w-full rounded-md border border-input bg-background px-3 py-2 text-sm ring-offset-background placeholder:text-muted-foreground focus-visible:outline-none focus-visible:ring-2 focus-visible:ring-ring focus-visible:ring-offset-2 disabled:cursor-not-allowed disabled:opacity-50"[39m
    [33mdata-testid[39m=[32m"review-content-input"[39m
    [33mid[39m=[32m"content"[39m
    [33mmaxlength[39m=[32m"1000"[39m
    [33mname[39m=[32m"content"[39m
    [33mplaceholder[39m=[32m"Write your review here..."[39m
    [33mrequired[39m=[32m""[39m
  [36m/>[39m

  --------------------------------------------------
  button:

  Name "Cancel":
  [36m<button[39m
    [33mclass[39m=[32m"inline-flex items-center justify-center gap-2 whitespace-nowrap rounded-md text-sm font-medium ring-offset-background transition-colors focus-visible:outline-none focus-visible:ring-2 focus-visible:ring-ring focus-visible:ring-offset-2 disabled:pointer-events-none disabled:opacity-50 [&_svg]:pointer-events-none [&_svg]:size-4 [&_svg]:shrink-0 border border-input bg-background hover:bg-accent hover:text-accent-foreground h-10 px-4 py-2"[39m
    [33mdata-testid[39m=[32m"cancel-review-button"[39m
    [33mtype[39m=[32m"button"[39m
  [36m/>[39m

  Name "Submit review":
  [36m<button[39m
    [33maria-disabled[39m=[32m"false"[39m
    [33maria-label[39m=[32m"Submit review"[39m
    [33mclass[39m=[32m"inline-flex items-center justify-center gap-2 whitespace-nowrap rounded-md text-sm font-medium ring-offset-background transition-colors focus-visible:outline-none focus-visible:ring-2 focus-visible:ring-ring focus-visible:ring-offset-2 disabled:pointer-events-none disabled:opacity-50 [&_svg]:pointer-events-none [&_svg]:size-4 [&_svg]:shrink-0 bg-primary text-primary-foreground hover:bg-primary/90 h-10 px-4 py-2"[39m
    [33mdata-testid[39m=[32m"submit-review-button"[39m
    [33mtype[39m=[32m"submit"[39m
  [36m/>[39m

  --------------------------------------------------

Ignored nodes: comments, script, style
[36m<body[39m
  [33mstyle[39m=[32m""[39m
[36m>[39m
  [36m<div>[39m
    [36m<form[39m
      [33mclass[39m=[32m"space-y-4"[39m
      [33mdata-testid[39m=[32m"review-form"[39m
    [36m>[39m
      [36m<div[39m
        [33mclass[39m=[32m"space-y-2"[39m
      [36m>[39m
        [36m<label[39m
          [33mclass[39m=[32m"text-sm font-medium"[39m
          [33mfor[39m=[32m"title"[39m
        [36m>[39m
          [0mTitle[0m
        [36m</label>[39m
        [36m<input[39m
          [33mclass[39m=[32m"flex h-10 w-full rounded-md border border-input bg-background px-3 py-2 text-base ring-offset-background file:border-0 file:bg-transparent file:text-sm file:font-medium file:text-foreground placeholder:text-muted-foreground focus-visible:outline-none focus-visible:ring-2 focus-visible:ring-ring focus-visible:ring-offset-2 disabled:cursor-not-allowed disabled:opacity-50 md:text-sm"[39m
          [33mdata-testid[39m=[32m"review-title-input"[39m
          [33mid[39m=[32m"title"[39m
          [33mmaxlength[39m=[32m"100"[39m
          [33mname[39m=[32m"title"[39m
          [33mplaceholder[39m=[32m"Review title"[39m
          [33mvalue[39m=[32m"Great Product"[39m
        [36m/>[39m
        [36m<div[39m
          [33mclass[39m=[32m"text-xs text-gray-500 text-right"[39m
        [36m>[39m
          [0m13[0m
          [0m/100[0m
        [36m</div>[39m
      [36m</div>[39m
      [36m<div[39m
        [33mclass[39m=[32m"space-y-2"[39m
      [36m>[39m
        [36m<label[39m
          [33mclass[39m=[32m"text-sm font-medium"[39m
          [33mfor[39m=[32m"content"[39m
        [36m>[39m
          [0mReview[0m
        [36m</label>[39m
        [36m<textarea[39m
          [33mclass[39m=[32m"flex min-h-[80px] w-full rounded-md border border-input bg-background px-3 py-2 text-sm ring-offset-background placeholder:text-muted-foreground focus-visible:outline-none focus-visible:ring-2 focus-visible:ring-ring focus-visible:ring-offset-2 disabled:cursor-not-allowed disabled:opacity-50"[39m
          [33mdata-testid[39m=[32m"review-content-input"[39m
          [33mid[39m=[32m"content"[39m
          [33mmaxlength[39m=[32m"1000"[39m
          [33mname[39m=[32m"content"[39m
          [33mplaceholder[39m=[32m"Write your review here..."[39m
          [33mrequired[39m=[32m""[39m
        [36m>[39m
          [0mThis is an amazing product![0m
        [36m</textarea>[39m
        [36m<div[39m
          [33mclass[39m=[32m"text-xs text-gray-500 text-right"[39m
        [36m>[39m
          [0m27[0m
          [0m/1000[0m
        [36m</div>[39m
      [36m</div>[39m
      [36m<div[39m
        [33mclass[39m=[32m"space-y-2"[39m
      [36m>[39m
        [36m<label[39m
          [33mclass[39m=[32m"text-sm font-medium"[39m
        [36m>[39m
          [0mRating[0m
        [36m</label>[39m
        [36m<div[39m
          [33mclass[39m=[32m"flex gap-1"[39m
        [36m>[39m
          [36m<svg[39m
            [33mclass[39m=[32m"lucide lucide-star w-6 h-6 text-gray-300 cursor-pointer hover:scale-110 transition-transform"[39m
            [33mdata-testid[39m=[32m"star-rating-star"[39m
            [33mfill[39m=[32m"none"[39m
            [33mheight[39m=[32m"24"[39m
            [33mstroke[39m=[32m"currentColor"[39m
            [33mstroke-linecap[39m=[32m"round"[39m
            [33mstroke-linejoin[39m=[32m"round"[39m
            [33mstroke-width[39m=[32m"2"[39m
            [33mviewBox[39m=[32m"0 0 24 24"[39m
            [33mwidth[39m=[32m"24"[39m
            [33mxmlns[39m=[32m"http://www.w3.org/2000/svg"[39m
          [36m>[39m
            [36m<polygon[39m
              [33mpoints[39m=[32m"12 2 15.09 8.26 22 9.27 17 14.14 18.18 21.02 12 17.77 5.82 21.02 7 14.14 2 9.27 8.91 8.26 12 2"[39m
            [36m/>[39m
          [36m</svg>[39m
          [36m<svg[39m
            [33mclass[39m=[32m"lucide lucide-star w-6 h-6 text-gray-300 cursor-pointer hover:scale-110 transition-transform"[39m
            [33mdata-testid[39m=[32m"star-rating-star"[39m
            [33mfill[39m=[32m"none"[39m
            [33mheight[39m=[32m"24"[39m
            [33mstroke[39m=[32m"currentColor"[39m
            [33mstroke-linecap[39m=[32m"round"[39m
            [33mstroke-linejoin[39m=[32m"round"[39m
            [33mstroke-width[39m=[32m"2"[39m
            [33mviewBox[39m=[32m"0 0 24 24"[39m
            [33mwidth[39m=[32m"24"[39m
            [33mxmlns[39m=[32m"http://www.w3.org/2000/svg"[39m
          [36m>[39m
            [36m<polygon[39m
              [33mpoints[39m=[32m"12 2 15.09 8.26 22 9.27 17 14.14 18.18 21.02 12 17.77 5.82 21.02 7 14.14 2 9.27 8.91 8.26 12 2"[39m
            [36m/>[39m
          [36m</svg>[39m
          [36m<svg[39m
            [33mclass[39m=[32m"lucide lucide-star w-6 h-6 text-gray-300 cursor-pointer hover:scale-110 transition-transform"[39m
            [33mdata-testid[39m=[32m"star-rating-star"[39m
            [33mfill[39m=[32m"none"[39m
            [33mheight[39m=[32m"24"[39m
            [33mstroke[39m=[32m"currentColor"[39m
            [33mstroke-linecap[39m=[32m"round"[39m
            [33mstroke-linejoin[39m=[32m"round"[39m
            [33mstroke-width[39m=[32m"2"[39m
            [33mviewBox[39m=[32m"0 0 24 24"[39m
            [33mwidth[39m=[32m"24"[39m
            [33mxmlns[39m=[32m"http://www.w3.org/2000/svg"[39m
          [36m>[39m
            [36m<polygon[39m
              [33mpoints[39m=[32m"12 2 15.09 8.26 22 9.27 17 14.14 18.18 21.02 12 17.77 5.82 21.02 7 14.14 2 9.27 8.91 8.26 12 2"[39m
            [36m/>[39m
          [36m</svg>[39m
          [36m<svg[39m
            [33mclass[39m=[32m"lucide lucide-star w-6 h-6 text-gray-300 cursor-pointer hover:scale-110 transition-transform"[39m
            [33mdata-testid[39m=[32m"star-rating-star"[39m
            [33mfill[39m=[32m"none"[39m
            [33mheight[39m=[32m"24"[39m
            [33mstroke[39m=[32m"currentColor"[39m
            [33mstroke-linecap[39m=[32m"round"[39m
            [33mstroke-linejoin[39m=[32m"round"[39m
            [33mstroke-width[39m=[32m"2"[39m
            [33mviewBox[39m=[32m"0 0 24 24"[39m
            [33mwidth[39m=[32m"24"[39m
            [33mxmlns[39m=[32m"http://www.w3.org/2000/svg"[39m
          [36m>[39m
            [36m<polygon[39m
              [33mpoints[39m=[32m"12 2 15.09 8.26 22 9.27 17 14.14 18.18 21.02 12 17.77 5.82 21.02 7 14.14 2 9.27 8.91 8.26 12 2"[39m
            [36m/>[39m
          [36m</svg>[39m
          [36m<svg[39m
            [33mclass[39m=[32m"lucide lucide-star w-6 h-6 text-gray-300 cursor-pointer hover:scale-110 transition-transform"[39m
            [33mdata-testid[39m=[32m"star-rating-star"[39m
            [33mfill[39m=[32m"none"[39m
            [33mheight[39m=[32m"24"[39m
            [33mstroke[39m=[32m"currentColor"[39m
            [33mstroke-linecap[39m=[32m"round"[39m
            [33mstroke-linejoin[39m=[32m"round"[39m
            [33mstroke-width[39m=[32m"2"[39m
            [33mviewBox[39m=[32m"0 0 24 24"[39m
            [33mwidth[39m=[32m"24"[39m
            [33mxmlns[39m=[32m"http://www.w3.org/2000/svg"[39m
          [36m>[39m
            [36m<polygon[39m
              [33mpoints[39m=[32m"12 2 15.09 8.26 22 9.27 17 14.14 18.18 21.02 12 17.77 5.82 21.02 7 14.14 2 9.27 8.91 8.26 12 2"[39m
            [36m/>[39m
          [36m</svg>[39m
        [36m</div>[39m
      [36m</div>[39m
      [36m<div[39m
        [33mclass[39m=[32m"flex justify-end gap-2"[39m
      [36m>[39m
        [36m<button[39m
          [33mclass[39m=[32m"inline-flex items-center justify-center gap-2 whitespace-nowrap rounded-md text-sm font-medium ring-offset-background transition-colors focus-visible:outline-none focus-visible:ring-2 focus-visible:ring-ring focus-visible:ring-offset-2 disabled:pointer-events-none disabled:opacity-50 [&_svg]:pointer-events-none [&_svg]:size-4 [&_svg]:shrink-0 border border-input bg-background hover:bg-accent hover:text-accent-foreground h-10 px-4 py-2"[39m
          [33mdata-testid[39m=[32m"cancel-review-button"[39m
          [33mtype[39m=[32m"button"[39m
        [36m>[39m
          [0mCancel[0m
        [36m</button>[39m
        [36m<button[39m
          [33maria-disabled[39m=[32m"false"[39m
          [33maria-label[39m=[32m"Submit review"[39m
          [33mclass[39m=[32m"inline-flex items-center justify-center gap-2 whitespace-nowrap rounded-md text-sm font-medium ring-offset-background transition-colors focus-visible:outline-none focus-visible:ring-2 focus-visible:ring-ring focus-visible:ring-offset-2 disabled:pointer-events-none disabled:opacity-50 [&_svg]:pointer-events-none [&_svg]:size-4 [&_svg]:shrink-0 bg-primary text-primary-foreground hover:bg-primary/90 h-10 px-4 py-2"[39m
          [33mdata-testid[39m=[32m"submit-review-button"[39m
          [33mtype[39m=[32m"submit"[39m
        [36m>[39m
          [0mSubmit Review[0m
        [36m</button>[39m
      [36m</div>[39m
    [36m</form>[39m
  [36m</div>[39m
[36m</body>[39m
 × resources/js/tests/components/Store/Review/ReviewComponent.test.tsx > ReviewForm > should handle submission errors correctly
   → Unable to find an accessible element with the role "button" and name `/star/i`

Here are the accessible roles:

  textbox:

  Name "Title":
  [36m<input[39m
    [33mclass[39m=[32m"flex h-10 w-full rounded-md border border-input bg-background px-3 py-2 text-base ring-offset-background file:border-0 file:bg-transparent file:text-sm file:font-medium file:text-foreground placeholder:text-muted-foreground focus-visible:outline-none focus-visible:ring-2 focus-visible:ring-ring focus-visible:ring-offset-2 disabled:cursor-not-allowed disabled:opacity-50 md:text-sm"[39m
    [33mdata-testid[39m=[32m"review-title-input"[39m
    [33mid[39m=[32m"title"[39m
    [33mmaxlength[39m=[32m"100"[39m
    [33mname[39m=[32m"title"[39m
    [33mplaceholder[39m=[32m"Review title"[39m
    [33mvalue[39m=[32m"Test Review"[39m
  [36m/>[39m

  Name "Review":
  [36m<textarea[39m
    [33mclass[39m=[32m"flex min-h-[80px] w-full rounded-md border border-input bg-background px-3 py-2 text-sm ring-offset-background placeholder:text-muted-foreground focus-visible:outline-none focus-visible:ring-2 focus-visible:ring-ring focus-visible:ring-offset-2 disabled:cursor-not-allowed disabled:opacity-50"[39m
    [33mdata-testid[39m=[32m"review-content-input"[39m
    [33mid[39m=[32m"content"[39m
    [33mmaxlength[39m=[32m"1000"[39m
    [33mname[39m=[32m"content"[39m
    [33mplaceholder[39m=[32m"Write your review here..."[39m
    [33mrequired[39m=[32m""[39m
  [36m/>[39m

  --------------------------------------------------
  button:

  Name "Cancel":
  [36m<button[39m
    [33mclass[39m=[32m"inline-flex items-center justify-center gap-2 whitespace-nowrap rounded-md text-sm font-medium ring-offset-background transition-colors focus-visible:outline-none focus-visible:ring-2 focus-visible:ring-ring focus-visible:ring-offset-2 disabled:pointer-events-none disabled:opacity-50 [&_svg]:pointer-events-none [&_svg]:size-4 [&_svg]:shrink-0 border border-input bg-background hover:bg-accent hover:text-accent-foreground h-10 px-4 py-2"[39m
    [33mdata-testid[39m=[32m"cancel-review-button"[39m
    [33mtype[39m=[32m"button"[39m
  [36m/>[39m

  Name "Submit review":
  [36m<button[39m
    [33maria-disabled[39m=[32m"false"[39m
    [33maria-label[39m=[32m"Submit review"[39m
    [33mclass[39m=[32m"inline-flex items-center justify-center gap-2 whitespace-nowrap rounded-md text-sm font-medium ring-offset-background transition-colors focus-visible:outline-none focus-visible:ring-2 focus-visible:ring-ring focus-visible:ring-offset-2 disabled:pointer-events-none disabled:opacity-50 [&_svg]:pointer-events-none [&_svg]:size-4 [&_svg]:shrink-0 bg-primary text-primary-foreground hover:bg-primary/90 h-10 px-4 py-2"[39m
    [33mdata-testid[39m=[32m"submit-review-button"[39m
    [33mtype[39m=[32m"submit"[39m
  [36m/>[39m

  --------------------------------------------------

Ignored nodes: comments, script, style
[36m<body[39m
  [33mstyle[39m=[32m""[39m
[36m>[39m
  [36m<div>[39m
    [36m<form[39m
      [33mclass[39m=[32m"space-y-4"[39m
      [33mdata-testid[39m=[32m"review-form"[39m
    [36m>[39m
      [36m<div[39m
        [33mclass[39m=[32m"space-y-2"[39m
      [36m>[39m
        [36m<label[39m
          [33mclass[39m=[32m"text-sm font-medium"[39m
          [33mfor[39m=[32m"title"[39m
        [36m>[39m
          [0mTitle[0m
        [36m</label>[39m
        [36m<input[39m
          [33mclass[39m=[32m"flex h-10 w-full rounded-md border border-input bg-background px-3 py-2 text-base ring-offset-background file:border-0 file:bg-transparent file:text-sm file:font-medium file:text-foreground placeholder:text-muted-foreground focus-visible:outline-none focus-visible:ring-2 focus-visible:ring-ring focus-visible:ring-offset-2 disabled:cursor-not-allowed disabled:opacity-50 md:text-sm"[39m
          [33mdata-testid[39m=[32m"review-title-input"[39m
          [33mid[39m=[32m"title"[39m
          [33mmaxlength[39m=[32m"100"[39m
          [33mname[39m=[32m"title"[39m
          [33mplaceholder[39m=[32m"Review title"[39m
          [33mvalue[39m=[32m"Test Review"[39m
        [36m/>[39m
        [36m<div[39m
          [33mclass[39m=[32m"text-xs text-gray-500 text-right"[39m
        [36m>[39m
          [0m11[0m
          [0m/100[0m
        [36m</div>[39m
      [36m</div>[39m
      [36m<div[39m
        [33mclass[39m=[32m"space-y-2"[39m
      [36m>[39m
        [36m<label[39m
          [33mclass[39m=[32m"text-sm font-medium"[39m
          [33mfor[39m=[32m"content"[39m
        [36m>[39m
          [0mReview[0m
        [36m</label>[39m
        [36m<textarea[39m
          [33mclass[39m=[32m"flex min-h-[80px] w-full rounded-md border border-input bg-background px-3 py-2 text-sm ring-offset-background placeholder:text-muted-foreground focus-visible:outline-none focus-visible:ring-2 focus-visible:ring-ring focus-visible:ring-offset-2 disabled:cursor-not-allowed disabled:opacity-50"[39m
          [33mdata-testid[39m=[32m"review-content-input"[39m
          [33mid[39m=[32m"content"[39m
          [33mmaxlength[39m=[32m"1000"[39m
          [33mname[39m=[32m"content"[39m
          [33mplaceholder[39m=[32m"Write your review here..."[39m
          [33mrequired[39m=[32m""[39m
        [36m>[39m
          [0mTest Content[0m
        [36m</textarea>[39m
        [36m<div[39m
          [33mclass[39m=[32m"text-xs text-gray-500 text-right"[39m
        [36m>[39m
          [0m12[0m
          [0m/1000[0m
        [36m</div>[39m
      [36m</div>[39m
      [36m<div[39m
        [33mclass[39m=[32m"space-y-2"[39m
      [36m>[39m
        [36m<label[39m
          [33mclass[39m=[32m"text-sm font-medium"[39m
        [36m>[39m
          [0mRating[0m
        [36m</label>[39m
        [36m<div[39m
          [33mclass[39m=[32m"flex gap-1"[39m
        [36m>[39m
          [36m<svg[39m
            [33mclass[39m=[32m"lucide lucide-star w-6 h-6 text-gray-300 cursor-pointer hover:scale-110 transition-transform"[39m
            [33mdata-testid[39m=[32m"star-rating-star"[39m
            [33mfill[39m=[32m"none"[39m
            [33mheight[39m=[32m"24"[39m
            [33mstroke[39m=[32m"currentColor"[39m
            [33mstroke-linecap[39m=[32m"round"[39m
            [33mstroke-linejoin[39m=[32m"round"[39m
            [33mstroke-width[39m=[32m"2"[39m
            [33mviewBox[39m=[32m"0 0 24 24"[39m
            [33mwidth[39m=[32m"24"[39m
            [33mxmlns[39m=[32m"http://www.w3.org/2000/svg"[39m
          [36m>[39m
            [36m<polygon[39m
              [33mpoints[39m=[32m"12 2 15.09 8.26 22 9.27 17 14.14 18.18 21.02 12 17.77 5.82 21.02 7 14.14 2 9.27 8.91 8.26 12 2"[39m
            [36m/>[39m
          [36m</svg>[39m
          [36m<svg[39m
            [33mclass[39m=[32m"lucide lucide-star w-6 h-6 text-gray-300 cursor-pointer hover:scale-110 transition-transform"[39m
            [33mdata-testid[39m=[32m"star-rating-star"[39m
            [33mfill[39m=[32m"none"[39m
            [33mheight[39m=[32m"24"[39m
            [33mstroke[39m=[32m"currentColor"[39m
            [33mstroke-linecap[39m=[32m"round"[39m
            [33mstroke-linejoin[39m=[32m"round"[39m
            [33mstroke-width[39m=[32m"2"[39m
            [33mviewBox[39m=[32m"0 0 24 24"[39m
            [33mwidth[39m=[32m"24"[39m
            [33mxmlns[39m=[32m"http://www.w3.org/2000/svg"[39m
          [36m>[39m
            [36m<polygon[39m
              [33mpoints[39m=[32m"12 2 15.09 8.26 22 9.27 17 14.14 18.18 21.02 12 17.77 5.82 21.02 7 14.14 2 9.27 8.91 8.26 12 2"[39m
            [36m/>[39m
          [36m</svg>[39m
          [36m<svg[39m
            [33mclass[39m=[32m"lucide lucide-star w-6 h-6 text-gray-300 cursor-pointer hover:scale-110 transition-transform"[39m
            [33mdata-testid[39m=[32m"star-rating-star"[39m
            [33mfill[39m=[32m"none"[39m
            [33mheight[39m=[32m"24"[39m
            [33mstroke[39m=[32m"currentColor"[39m
            [33mstroke-linecap[39m=[32m"round"[39m
            [33mstroke-linejoin[39m=[32m"round"[39m
            [33mstroke-width[39m=[32m"2"[39m
            [33mviewBox[39m=[32m"0 0 24 24"[39m
            [33mwidth[39m=[32m"24"[39m
            [33mxmlns[39m=[32m"http://www.w3.org/2000/svg"[39m
          [36m>[39m
            [36m<polygon[39m
              [33mpoints[39m=[32m"12 2 15.09 8.26 22 9.27 17 14.14 18.18 21.02 12 17.77 5.82 21.02 7 14.14 2 9.27 8.91 8.26 12 2"[39m
            [36m/>[39m
          [36m</svg>[39m
          [36m<svg[39m
            [33mclass[39m=[32m"lucide lucide-star w-6 h-6 text-gray-300 cursor-pointer hover:scale-110 transition-transform"[39m
            [33mdata-testid[39m=[32m"star-rating-star"[39m
            [33mfill[39m=[32m"none"[39m
            [33mheight[39m=[32m"24"[39m
            [33mstroke[39m=[32m"currentColor"[39m
            [33mstroke-linecap[39m=[32m"round"[39m
            [33mstroke-linejoin[39m=[32m"round"[39m
            [33mstroke-width[39m=[32m"2"[39m
            [33mviewBox[39m=[32m"0 0 24 24"[39m
            [33mwidth[39m=[32m"24"[39m
            [33mxmlns[39m=[32m"http://www.w3.org/2000/svg"[39m
          [36m>[39m
            [36m<polygon[39m
              [33mpoints[39m=[32m"12 2 15.09 8.26 22 9.27 17 14.14 18.18 21.02 12 17.77 5.82 21.02 7 14.14 2 9.27 8.91 8.26 12 2"[39m
            [36m/>[39m
          [36m</svg>[39m
          [36m<svg[39m
            [33mclass[39m=[32m"lucide lucide-star w-6 h-6 text-gray-300 cursor-pointer hover:scale-110 transition-transform"[39m
            [33mdata-testid[39m=[32m"star-rating-star"[39m
            [33mfill[39m=[32m"none"[39m
            [33mheight[39m=[32m"24"[39m
            [33mstroke[39m=[32m"currentColor"[39m
            [33mstroke-linecap[39m=[32m"round"[39m
            [33mstroke-linejoin[39m=[32m"round"[39m
            [33mstroke-width[39m=[32m"2"[39m
            [33mviewBox[39m=[32m"0 0 24 24"[39m
            [33mwidth[39m=[32m"24"[39m
            [33mxmlns[39m=[32m"http://www.w3.org/2000/svg"[39m
          [36m>[39m
            [36m<polygon[39m
              [33mpoints[39m=[32m"12 2 15.09 8.26 22 9.27 17 14.14 18.18 21.02 12 17.77 5.82 21.02 7 14.14 2 9.27 8.91 8.26 12 2"[39m
            [36m/>[39m
          [36m</svg>[39m
        [36m</div>[39m
      [36m</div>[39m
      [36m<div[39m
        [33mclass[39m=[32m"flex justify-end gap-2"[39m
      [36m>[39m
        [36m<button[39m
          [33mclass[39m=[32m"inline-flex items-center justify-center gap-2 whitespace-nowrap rounded-md text-sm font-medium ring-offset-background transition-colors focus-visible:outline-none focus-visible:ring-2 focus-visible:ring-ring focus-visible:ring-offset-2 disabled:pointer-events-none disabled:opacity-50 [&_svg]:pointer-events-none [&_svg]:size-4 [&_svg]:shrink-0 border border-input bg-background hover:bg-accent hover:text-accent-foreground h-10 px-4 py-2"[39m
          [33mdata-testid[39m=[32m"cancel-review-button"[39m
          [33mtype[39m=[32m"button"[39m
        [36m>[39m
          [0mCancel[0m
        [36m</button>[39m
        [36m<button[39m
          [33maria-disabled[39m=[32m"false"[39m
          [33maria-label[39m=[32m"Submit review"[39m
          [33mclass[39m=[32m"inline-flex items-center justify-center gap-2 whitespace-nowrap rounded-md text-sm font-medium ring-offset-background transition-colors focus-visible:outline-none focus-visible:ring-2 focus-visible:ring-ring focus-visible:ring-offset-2 disabled:pointer-events-none disabled:opacity-50 [&_svg]:pointer-events-none [&_svg]:size-4 [&_svg]:shrink-0 bg-primary text-primary-foreground hover:bg-primary/90 h-10 px-4 py-2"[39m
          [33mdata-testid[39m=[32m"submit-review-button"[39m
          [33mtype[39m=[32m"submit"[39m
        [36m>[39m
          [0mSubmit Review[0m
        [36m</button>[39m
      [36m</div>[39m
    [36m</form>[39m
  [36m</div>[39m
[36m</body>[39m
 × resources/js/tests/components/Store/Review/ReviewComponent.test.tsx > ReviewForm > should prevent multiple submissions while submitting
   → Unable to find an accessible element with the role "button" and name `/star/i`

Here are the accessible roles:

  textbox:

  Name "Title":
  [36m<input[39m
    [33mclass[39m=[32m"flex h-10 w-full rounded-md border border-input bg-background px-3 py-2 text-base ring-offset-background file:border-0 file:bg-transparent file:text-sm file:font-medium file:text-foreground placeholder:text-muted-foreground focus-visible:outline-none focus-visible:ring-2 focus-visible:ring-ring focus-visible:ring-offset-2 disabled:cursor-not-allowed disabled:opacity-50 md:text-sm"[39m
    [33mdata-testid[39m=[32m"review-title-input"[39m
    [33mid[39m=[32m"title"[39m
    [33mmaxlength[39m=[32m"100"[39m
    [33mname[39m=[32m"title"[39m
    [33mplaceholder[39m=[32m"Review title"[39m
    [33mvalue[39m=[32m"Test"[39m
  [36m/>[39m

  Name "Review":
  [36m<textarea[39m
    [33mclass[39m=[32m"flex min-h-[80px] w-full rounded-md border border-input bg-background px-3 py-2 text-sm ring-offset-background placeholder:text-muted-foreground focus-visible:outline-none focus-visible:ring-2 focus-visible:ring-ring focus-visible:ring-offset-2 disabled:cursor-not-allowed disabled:opacity-50"[39m
    [33mdata-testid[39m=[32m"review-content-input"[39m
    [33mid[39m=[32m"content"[39m
    [33mmaxlength[39m=[32m"1000"[39m
    [33mname[39m=[32m"content"[39m
    [33mplaceholder[39m=[32m"Write your review here..."[39m
    [33mrequired[39m=[32m""[39m
  [36m/>[39m

  --------------------------------------------------
  button:

  Name "Cancel":
  [36m<button[39m
    [33mclass[39m=[32m"inline-flex items-center justify-center gap-2 whitespace-nowrap rounded-md text-sm font-medium ring-offset-background transition-colors focus-visible:outline-none focus-visible:ring-2 focus-visible:ring-ring focus-visible:ring-offset-2 disabled:pointer-events-none disabled:opacity-50 [&_svg]:pointer-events-none [&_svg]:size-4 [&_svg]:shrink-0 border border-input bg-background hover:bg-accent hover:text-accent-foreground h-10 px-4 py-2"[39m
    [33mdata-testid[39m=[32m"cancel-review-button"[39m
    [33mtype[39m=[32m"button"[39m
  [36m/>[39m

  Name "Submit review":
  [36m<button[39m
    [33maria-disabled[39m=[32m"false"[39m
    [33maria-label[39m=[32m"Submit review"[39m
    [33mclass[39m=[32m"inline-flex items-center justify-center gap-2 whitespace-nowrap rounded-md text-sm font-medium ring-offset-background transition-colors focus-visible:outline-none focus-visible:ring-2 focus-visible:ring-ring focus-visible:ring-offset-2 disabled:pointer-events-none disabled:opacity-50 [&_svg]:pointer-events-none [&_svg]:size-4 [&_svg]:shrink-0 bg-primary text-primary-foreground hover:bg-primary/90 h-10 px-4 py-2"[39m
    [33mdata-testid[39m=[32m"submit-review-button"[39m
    [33mtype[39m=[32m"submit"[39m
  [36m/>[39m

  --------------------------------------------------

Ignored nodes: comments, script, style
[36m<body[39m
  [33mstyle[39m=[32m""[39m
[36m>[39m
  [36m<div>[39m
    [36m<form[39m
      [33mclass[39m=[32m"space-y-4"[39m
      [33mdata-testid[39m=[32m"review-form"[39m
    [36m>[39m
      [36m<div[39m
        [33mclass[39m=[32m"space-y-2"[39m
      [36m>[39m
        [36m<label[39m
          [33mclass[39m=[32m"text-sm font-medium"[39m
          [33mfor[39m=[32m"title"[39m
        [36m>[39m
          [0mTitle[0m
        [36m</label>[39m
        [36m<input[39m
          [33mclass[39m=[32m"flex h-10 w-full rounded-md border border-input bg-background px-3 py-2 text-base ring-offset-background file:border-0 file:bg-transparent file:text-sm file:font-medium file:text-foreground placeholder:text-muted-foreground focus-visible:outline-none focus-visible:ring-2 focus-visible:ring-ring focus-visible:ring-offset-2 disabled:cursor-not-allowed disabled:opacity-50 md:text-sm"[39m
          [33mdata-testid[39m=[32m"review-title-input"[39m
          [33mid[39m=[32m"title"[39m
          [33mmaxlength[39m=[32m"100"[39m
          [33mname[39m=[32m"title"[39m
          [33mplaceholder[39m=[32m"Review title"[39m
          [33mvalue[39m=[32m"Test"[39m
        [36m/>[39m
        [36m<div[39m
          [33mclass[39m=[32m"text-xs text-gray-500 text-right"[39m
        [36m>[39m
          [0m4[0m
          [0m/100[0m
        [36m</div>[39m
      [36m</div>[39m
      [36m<div[39m
        [33mclass[39m=[32m"space-y-2"[39m
      [36m>[39m
        [36m<label[39m
          [33mclass[39m=[32m"text-sm font-medium"[39m
          [33mfor[39m=[32m"content"[39m
        [36m>[39m
          [0mReview[0m
        [36m</label>[39m
        [36m<textarea[39m
          [33mclass[39m=[32m"flex min-h-[80px] w-full rounded-md border border-input bg-background px-3 py-2 text-sm ring-offset-background placeholder:text-muted-foreground focus-visible:outline-none focus-visible:ring-2 focus-visible:ring-ring focus-visible:ring-offset-2 disabled:cursor-not-allowed disabled:opacity-50"[39m
          [33mdata-testid[39m=[32m"review-content-input"[39m
          [33mid[39m=[32m"content"[39m
          [33mmaxlength[39m=[32m"1000"[39m
          [33mname[39m=[32m"content"[39m
          [33mplaceholder[39m=[32m"Write your review here..."[39m
          [33mrequired[39m=[32m""[39m
        [36m>[39m
          [0mContent[0m
        [36m</textarea>[39m
        [36m<div[39m
          [33mclass[39m=[32m"text-xs text-gray-500 text-right"[39m
        [36m>[39m
          [0m7[0m
          [0m/1000[0m
        [36m</div>[39m
      [36m</div>[39m
      [36m<div[39m
        [33mclass[39m=[32m"space-y-2"[39m
      [36m>[39m
        [36m<label[39m
          [33mclass[39m=[32m"text-sm font-medium"[39m
        [36m>[39m
          [0mRating[0m
        [36m</label>[39m
        [36m<div[39m
          [33mclass[39m=[32m"flex gap-1"[39m
        [36m>[39m
          [36m<svg[39m
            [33mclass[39m=[32m"lucide lucide-star w-6 h-6 text-gray-300 cursor-pointer hover:scale-110 transition-transform"[39m
            [33mdata-testid[39m=[32m"star-rating-star"[39m
            [33mfill[39m=[32m"none"[39m
            [33mheight[39m=[32m"24"[39m
            [33mstroke[39m=[32m"currentColor"[39m
            [33mstroke-linecap[39m=[32m"round"[39m
            [33mstroke-linejoin[39m=[32m"round"[39m
            [33mstroke-width[39m=[32m"2"[39m
            [33mviewBox[39m=[32m"0 0 24 24"[39m
            [33mwidth[39m=[32m"24"[39m
            [33mxmlns[39m=[32m"http://www.w3.org/2000/svg"[39m
          [36m>[39m
            [36m<polygon[39m
              [33mpoints[39m=[32m"12 2 15.09 8.26 22 9.27 17 14.14 18.18 21.02 12 17.77 5.82 21.02 7 14.14 2 9.27 8.91 8.26 12 2"[39m
            [36m/>[39m
          [36m</svg>[39m
          [36m<svg[39m
            [33mclass[39m=[32m"lucide lucide-star w-6 h-6 text-gray-300 cursor-pointer hover:scale-110 transition-transform"[39m
            [33mdata-testid[39m=[32m"star-rating-star"[39m
            [33mfill[39m=[32m"none"[39m
            [33mheight[39m=[32m"24"[39m
            [33mstroke[39m=[32m"currentColor"[39m
            [33mstroke-linecap[39m=[32m"round"[39m
            [33mstroke-linejoin[39m=[32m"round"[39m
            [33mstroke-width[39m=[32m"2"[39m
            [33mviewBox[39m=[32m"0 0 24 24"[39m
            [33mwidth[39m=[32m"24"[39m
            [33mxmlns[39m=[32m"http://www.w3.org/2000/svg"[39m
          [36m>[39m
            [36m<polygon[39m
              [33mpoints[39m=[32m"12 2 15.09 8.26 22 9.27 17 14.14 18.18 21.02 12 17.77 5.82 21.02 7 14.14 2 9.27 8.91 8.26 12 2"[39m
            [36m/>[39m
          [36m</svg>[39m
          [36m<svg[39m
            [33mclass[39m=[32m"lucide lucide-star w-6 h-6 text-gray-300 cursor-pointer hover:scale-110 transition-transform"[39m
            [33mdata-testid[39m=[32m"star-rating-star"[39m
            [33mfill[39m=[32m"none"[39m
            [33mheight[39m=[32m"24"[39m
            [33mstroke[39m=[32m"currentColor"[39m
            [33mstroke-linecap[39m=[32m"round"[39m
            [33mstroke-linejoin[39m=[32m"round"[39m
            [33mstroke-width[39m=[32m"2"[39m
            [33mviewBox[39m=[32m"0 0 24 24"[39m
            [33mwidth[39m=[32m"24"[39m
            [33mxmlns[39m=[32m"http://www.w3.org/2000/svg"[39m
          [36m>[39m
            [36m<polygon[39m
              [33mpoints[39m=[32m"12 2 15.09 8.26 22 9.27 17 14.14 18.18 21.02 12 17.77 5.82 21.02 7 14.14 2 9.27 8.91 8.26 12 2"[39m
            [36m/>[39m
          [36m</svg>[39m
          [36m<svg[39m
            [33mclass[39m=[32m"lucide lucide-star w-6 h-6 text-gray-300 cursor-pointer hover:scale-110 transition-transform"[39m
            [33mdata-testid[39m=[32m"star-rating-star"[39m
            [33mfill[39m=[32m"none"[39m
            [33mheight[39m=[32m"24"[39m
            [33mstroke[39m=[32m"currentColor"[39m
            [33mstroke-linecap[39m=[32m"round"[39m
            [33mstroke-linejoin[39m=[32m"round"[39m
            [33mstroke-width[39m=[32m"2"[39m
            [33mviewBox[39m=[32m"0 0 24 24"[39m
            [33mwidth[39m=[32m"24"[39m
            [33mxmlns[39m=[32m"http://www.w3.org/2000/svg"[39m
          [36m>[39m
            [36m<polygon[39m
              [33mpoints[39m=[32m"12 2 15.09 8.26 22 9.27 17 14.14 18.18 21.02 12 17.77 5.82 21.02 7 14.14 2 9.27 8.91 8.26 12 2"[39m
            [36m/>[39m
          [36m</svg>[39m
          [36m<svg[39m
            [33mclass[39m=[32m"lucide lucide-star w-6 h-6 text-gray-300 cursor-pointer hover:scale-110 transition-transform"[39m
            [33mdata-testid[39m=[32m"star-rating-star"[39m
            [33mfill[39m=[32m"none"[39m
            [33mheight[39m=[32m"24"[39m
            [33mstroke[39m=[32m"currentColor"[39m
            [33mstroke-linecap[39m=[32m"round"[39m
            [33mstroke-linejoin[39m=[32m"round"[39m
            [33mstroke-width[39m=[32m"2"[39m
            [33mviewBox[39m=[32m"0 0 24 24"[39m
            [33mwidth[39m=[32m"24"[39m
            [33mxmlns[39m=[32m"http://www.w3.org/2000/svg"[39m
          [36m>[39m
            [36m<polygon[39m
              [33mpoints[39m=[32m"12 2 15.09 8.26 22 9.27 17 14.14 18.18 21.02 12 17.77 5.82 21.02 7 14.14 2 9.27 8.91 8.26 12 2"[39m
            [36m/>[39m
          [36m</svg>[39m
        [36m</div>[39m
      [36m</div>[39m
      [36m<div[39m
        [33mclass[39m=[32m"flex justify-end gap-2"[39m
      [36m>[39m
        [36m<button[39m
          [33mclass[39m=[32m"inline-flex items-center justify-center gap-2 whitespace-nowrap rounded-md text-sm font-medium ring-offset-background transition-colors focus-visible:outline-none focus-visible:ring-2 focus-visible:ring-ring focus-visible:ring-offset-2 disabled:pointer-events-none disabled:opacity-50 [&_svg]:pointer-events-none [&_svg]:size-4 [&_svg]:shrink-0 border border-input bg-background hover:bg-accent hover:text-accent-foreground h-10 px-4 py-2"[39m
          [33mdata-testid[39m=[32m"cancel-review-button"[39m
          [33mtype[39m=[32m"button"[39m
        [36m>[39m
          [0mCancel[0m
        [36m</button>[39m
        [36m<button[39m
          [33maria-disabled[39m=[32m"false"[39m
          [33maria-label[39m=[32m"Submit review"[39m
          [33mclass[39m=[32m"inline-flex items-center justify-center gap-2 whitespace-nowrap rounded-md text-sm font-medium ring-offset-background transition-colors focus-visible:outline-none focus-visible:ring-2 focus-visible:ring-ring focus-visible:ring-offset-2 disabled:pointer-events-none disabled:opacity-50 [&_svg]:pointer-events-none [&_svg]:size-4 [&_svg]:shrink-0 bg-primary text-primary-foreground hover:bg-primary/90 h-10 px-4 py-2"[39m
          [33mdata-testid[39m=[32m"submit-review-button"[39m
          [33mtype[39m=[32m"submit"[39m
        [36m>[39m
          [0mSubmit Review[0m
        [36m</button>[39m
      [36m</div>[39m
    [36m</form>[39m
  [36m</div>[39m
[36m</body>[39m
 ✓ resources/js/tests/components/Store/Review/StarRating.test.tsx > StarRating > renders correct number of stars
 ✓ resources/js/tests/components/Store/Review/StarRating.test.tsx > StarRating > fills correct number of stars based on rating
 ✓ resources/js/tests/components/Store/Review/StarRating.test.tsx > StarRating > handles click events
 ✓ resources/js/tests/components/Store/Review/StarRating.test.tsx > StarRating > disables interaction in readonly mode
 ✓ resources/js/tests/components/Store/Review/StarRating.test.tsx > StarRating > applies different sizes correctly
 ✓ resources/js/tests/components/Store/Review/StarRating.test.tsx > StarRating > defaults to medium size
 ✓ resources/js/tests/components/Store/Review/StarRating.test.tsx > StarRating > applies hover effects only in interactive mode
 ✓ resources/js/tests/components/Store/Review/StarRating.test.tsx > StarRating > maintains consistent star order

 Test Files  1 failed | 1 passed (2)
      Tests  12 failed | 13 passed (25)
   Start at  09:59:08
   Duration  12.14s (transform 499ms, setup 746ms, collect 1.43s, tests 7.84s, environment 1.30s, prepare 235ms)

 HTML  Report is generated
       You can run npx vite preview --outDir test-results/html to see the test results.
 ELIFECYCLE  Test failed. See above for more details.
