
  Dropping all tables ............. 36ms DONE

   INFO  Preparing database.  

  Creating migration table ........ 15ms DONE

   INFO  Running migrations.  

  2014_10_12_000000_create_users_table  20ms DONE
  2014_10_12_100000_create_password_resets_table  19ms DONE
  2019_08_19_000000_create_failed_jobs_table  19ms DONE
  2019_12_14_000001_create_personal_access_tokens_table  26ms DONE
  2023_10_01_000000_create_coordinates_table  19ms DONE
  2024_01_04_000001_create_categories_table  18ms DONE
  2024_01_04_create_brands_table ... 7ms DONE
  2024_01_04_create_products_table . 9ms DONE
  2024_01_04_create_reviews_table . 12ms DONE
  2024_01_04_create_roles_table ... 31ms DONE
  2024_01_04_create_subproducts_table  15ms DONE
  2024_01_15_create_chat_messages_table  18ms DONE
  2024_01_19_000000_create_address_infos_table  7ms DONE
  2024_01_20_000000_create_orders_table  8ms DONE
  2024_01_20_000001_create_order_items_table  7ms DONE
  2024_01_20_000001_create_search_history_table  24ms DONE
  2024_01_20_000002_create_guests_table  10ms DONE
  2024_01_20_000002_create_popular_searches_table  21ms DONE
  2024_01_20_000003_add_guest_id_to_orders  14ms DONE
  2024_02_26_095757_create_images_table  7ms DONE
  2024_02_27_154946_create_product_images_table  8ms DONE
  2024_04_04_090749_productcategory  8ms DONE
  2024_04_09_142149_header ......... 7ms DONE
  2024_04_15_142408_create_navigation_items_table  7ms DONE
  2024_04_15_154106_create_category_navigation_item_table  8ms DONE
  2024_04_27_202946_cart .......... 31ms DONE
  2024_04_27_211110_cart_items ..... 8ms DONE
  2024_05_17_131819_add_address_info_to_users_table  23ms DONE
  2024_08_15_143805_shopsettings ... 9ms DONE
  2025_01_04_173032_add_metadata_to_products_table  6ms DONE
  2025_01_04_173239_add_sku_to_subproducts_table  39ms DONE

