
   FAIL  Tests\Unit\ChatControllerTest
  ⨯ send message
  ⨯ get messages
  ⨯ agent typing
  ⨯ agent status change
  ⨯ initiate chat
  ─────────────────────────────────────────────────────────────────────────────────────────────────────────────────────────  
   FAILED  Tests\Unit\ChatControllerTest > send message                                                     QueryException   
  SQLSTATE[HY000]: General error: 1 table "chat_messages" already exists (Connection: sqlite, SQL: create table "chat_messages" ("id" integer primary key autoincrement not null, "chat_id" integer, "sender_id" integer not null, "receiver_id" integer not null, "message_content" text not null, "timestamp" datetime not null, "created_at" datetime, "updated_at" datetime))

  at vendor/laravel/framework/src/Illuminate/Database/Connection.php:581
    577▕             if ($this->pretending()) {
    578▕                 return true;
    579▕             }
    580▕ 
  ➜ 581▕             $statement = $this->getPdo()->prepare($query);
    582▕ 
    583▕             $this->bindValues($statement, $this->prepareBindings($bindings));
    584▕ 
    585▕             $this->recordsHaveBeenModified();

      [2m+8 vendor frames [22m
  9   database/migrations/2025_02_02_090142_create_chat_messages_table.php:14
      [2m+25 vendor frames [22m
  35  tests/TestCase.php:14

  ─────────────────────────────────────────────────────────────────────────────────────────────────────────────────────────  
   FAILED  Tests\Unit\ChatControllerTest > get messages                                                     QueryException   
  SQLSTATE[HY000]: General error: 1 table "chat_messages" already exists (Connection: sqlite, SQL: create table "chat_messages" ("id" integer primary key autoincrement not null, "chat_id" integer, "sender_id" integer not null, "receiver_id" integer not null, "message_content" text not null, "timestamp" datetime not null, "created_at" datetime, "updated_at" datetime))

  at vendor/laravel/framework/src/Illuminate/Database/Connection.php:581
    577▕             if ($this->pretending()) {
    578▕                 return true;
    579▕             }
    580▕ 
  ➜ 581▕             $statement = $this->getPdo()->prepare($query);
    582▕ 
    583▕             $this->bindValues($statement, $this->prepareBindings($bindings));
    584▕ 
    585▕             $this->recordsHaveBeenModified();

      [2m+8 vendor frames [22m
  9   database/migrations/2025_02_02_090142_create_chat_messages_table.php:14
      [2m+25 vendor frames [22m
  35  tests/TestCase.php:14

  ─────────────────────────────────────────────────────────────────────────────────────────────────────────────────────────  
   FAILED  Tests\Unit\ChatControllerTest > agent typing                                                     QueryException   
  SQLSTATE[HY000]: General error: 1 table "chat_messages" already exists (Connection: sqlite, SQL: create table "chat_messages" ("id" integer primary key autoincrement not null, "chat_id" integer, "sender_id" integer not null, "receiver_id" integer not null, "message_content" text not null, "timestamp" datetime not null, "created_at" datetime, "updated_at" datetime))

  at vendor/laravel/framework/src/Illuminate/Database/Connection.php:581
    577▕             if ($this->pretending()) {
    578▕                 return true;
    579▕             }
    580▕ 
  ➜ 581▕             $statement = $this->getPdo()->prepare($query);
    582▕ 
    583▕             $this->bindValues($statement, $this->prepareBindings($bindings));
    584▕ 
    585▕             $this->recordsHaveBeenModified();

      [2m+8 vendor frames [22m
  9   database/migrations/2025_02_02_090142_create_chat_messages_table.php:14
      [2m+25 vendor frames [22m
  35  tests/TestCase.php:14

  ─────────────────────────────────────────────────────────────────────────────────────────────────────────────────────────  
   FAILED  Tests\Unit\ChatControllerTest > agent status change                                              QueryException   
  SQLSTATE[HY000]: General error: 1 table "chat_messages" already exists (Connection: sqlite, SQL: create table "chat_messages" ("id" integer primary key autoincrement not null, "chat_id" integer, "sender_id" integer not null, "receiver_id" integer not null, "message_content" text not null, "timestamp" datetime not null, "created_at" datetime, "updated_at" datetime))

  at vendor/laravel/framework/src/Illuminate/Database/Connection.php:581
    577▕             if ($this->pretending()) {
    578▕                 return true;
    579▕             }
    580▕ 
  ➜ 581▕             $statement = $this->getPdo()->prepare($query);
    582▕ 
    583▕             $this->bindValues($statement, $this->prepareBindings($bindings));
    584▕ 
    585▕             $this->recordsHaveBeenModified();

      [2m+8 vendor frames [22m
  9   database/migrations/2025_02_02_090142_create_chat_messages_table.php:14
      [2m+25 vendor frames [22m
  35  tests/TestCase.php:14

  ─────────────────────────────────────────────────────────────────────────────────────────────────────────────────────────  
   FAILED  Tests\Unit\ChatControllerTest > initiate chat                                                    QueryException   
  SQLSTATE[HY000]: General error: 1 table "chat_messages" already exists (Connection: sqlite, SQL: create table "chat_messages" ("id" integer primary key autoincrement not null, "chat_id" integer, "sender_id" integer not null, "receiver_id" integer not null, "message_content" text not null, "timestamp" datetime not null, "created_at" datetime, "updated_at" datetime))

  at vendor/laravel/framework/src/Illuminate/Database/Connection.php:581
    577▕             if ($this->pretending()) {
    578▕                 return true;
    579▕             }
    580▕ 
  ➜ 581▕             $statement = $this->getPdo()->prepare($query);
    582▕ 
    583▕             $this->bindValues($statement, $this->prepareBindings($bindings));
    584▕ 
    585▕             $this->recordsHaveBeenModified();

      [2m+8 vendor frames [22m
  9   database/migrations/2025_02_02_090142_create_chat_messages_table.php:14
      [2m+25 vendor frames [22m
  35  tests/TestCase.php:14


  Tests:    5 failed (0 assertions)
  Duration: 1.18s

